<?xml version="1.0" encoding="UTF-8"?>
<testng-results ignored="0" total="1" passed="1" failed="0" skipped="0">
  <reporter-output>
  </reporter-output>
  <suite started-at="2019-11-14T09:28:53Z" name="Default suite" finished-at="2019-11-14T09:29:06Z" duration-ms="12650">
    <groups>
    </groups>
    <test started-at="2019-11-14T09:28:53Z" name="Default test" finished-at="2019-11-14T09:29:06Z" duration-ms="12650">
      <class name="GURRU99.GURRU99.AddProductToCartTest">
        <test-method is-config="true" signature="TestBase()[pri:0, instance:GURRU99.GURRU99.AddProductToCartTest@6b4a4e18]" started-at="2019-11-14T09:28:39Z" name="TestBase" finished-at="2019-11-14T09:28:53Z" duration-ms="14384" status="PASS">
          <reporter-output>
          </reporter-output>
        </test-method> <!-- TestBase -->
        <test-method signature="USERADDPRODUCTTOCART()[pri:0, instance:GURRU99.GURRU99.AddProductToCartTest@6b4a4e18]" started-at="2019-11-14T09:28:53Z" name="USERADDPRODUCTTOCART" finished-at="2019-11-14T09:29:06Z" duration-ms="12561" status="PASS">
          <reporter-output>
          </reporter-output>
        </test-method> <!-- USERADDPRODUCTTOCART -->
        <test-method is-config="true" signature="stopDriver()[pri:0, instance:GURRU99.GURRU99.AddProductToCartTest@6b4a4e18]" started-at="2019-11-14T09:29:06Z" name="stopDriver" finished-at="2019-11-14T09:29:07Z" duration-ms="1022" status="PASS">
          <reporter-output>
          </reporter-output>
        </test-method> <!-- stopDriver -->
      </class> <!-- GURRU99.GURRU99.AddProductToCartTest -->
    </test> <!-- Default test -->
  </suite> <!-- Default suite -->
</testng-results>
